{"/home/bao/frontend-project-lvl2/src/index.js": {"path":"/home/bao/frontend-project-lvl2/src/index.js","all":false,"statementMap":{"0":{"start":{"line":1,"column":0},"end":{"line":1,"column":25}},"1":{"start":{"line":2,"column":0},"end":{"line":2,"column":23}},"2":{"start":{"line":3,"column":0},"end":{"line":3,"column":24}},"3":{"start":{"line":4,"column":0},"end":{"line":4,"column":0}},"4":{"start":{"line":5,"column":0},"end":{"line":5,"column":37}},"5":{"start":{"line":6,"column":0},"end":{"line":6,"column":48}},"6":{"start":{"line":7,"column":0},"end":{"line":7,"column":51}},"7":{"start":{"line":8,"column":0},"end":{"line":8,"column":54}},"8":{"start":{"line":9,"column":0},"end":{"line":9,"column":0}},"9":{"start":{"line":10,"column":0},"end":{"line":10,"column":33}},"10":{"start":{"line":11,"column":0},"end":{"line":11,"column":64}},"11":{"start":{"line":12,"column":0},"end":{"line":12,"column":3}},"12":{"start":{"line":13,"column":0},"end":{"line":13,"column":0}},"13":{"start":{"line":14,"column":0},"end":{"line":14,"column":82}},"14":{"start":{"line":15,"column":0},"end":{"line":15,"column":2}},"15":{"start":{"line":16,"column":0},"end":{"line":16,"column":0}},"16":{"start":{"line":17,"column":0},"end":{"line":17,"column":60}},"17":{"start":{"line":18,"column":0},"end":{"line":18,"column":0}},"18":{"start":{"line":19,"column":0},"end":{"line":19,"column":54}},"19":{"start":{"line":20,"column":0},"end":{"line":20,"column":51}},"20":{"start":{"line":21,"column":0},"end":{"line":21,"column":0}},"21":{"start":{"line":22,"column":0},"end":{"line":22,"column":65}},"22":{"start":{"line":23,"column":0},"end":{"line":23,"column":28}},"23":{"start":{"line":24,"column":0},"end":{"line":24,"column":51}},"24":{"start":{"line":25,"column":0},"end":{"line":25,"column":51}},"25":{"start":{"line":26,"column":0},"end":{"line":26,"column":64}},"26":{"start":{"line":27,"column":0},"end":{"line":27,"column":0}},"27":{"start":{"line":28,"column":0},"end":{"line":28,"column":44}},"28":{"start":{"line":29,"column":0},"end":{"line":29,"column":45}},"29":{"start":{"line":30,"column":0},"end":{"line":30,"column":20}},"30":{"start":{"line":31,"column":0},"end":{"line":31,"column":5}},"31":{"start":{"line":32,"column":0},"end":{"line":32,"column":0}},"32":{"start":{"line":33,"column":0},"end":{"line":33,"column":43}},"33":{"start":{"line":34,"column":0},"end":{"line":34,"column":0}},"34":{"start":{"line":35,"column":0},"end":{"line":35,"column":29}},"35":{"start":{"line":36,"column":0},"end":{"line":36,"column":64}},"36":{"start":{"line":37,"column":0},"end":{"line":37,"column":5}},"37":{"start":{"line":38,"column":0},"end":{"line":38,"column":0}},"38":{"start":{"line":39,"column":0},"end":{"line":39,"column":18}},"39":{"start":{"line":40,"column":0},"end":{"line":40,"column":9}},"40":{"start":{"line":41,"column":0},"end":{"line":41,"column":0}},"41":{"start":{"line":42,"column":0},"end":{"line":42,"column":16}},"42":{"start":{"line":43,"column":0},"end":{"line":43,"column":2}},"43":{"start":{"line":44,"column":0},"end":{"line":44,"column":0}},"44":{"start":{"line":45,"column":0},"end":{"line":45,"column":47}},"45":{"start":{"line":46,"column":0},"end":{"line":46,"column":51}},"46":{"start":{"line":47,"column":0},"end":{"line":47,"column":0}},"47":{"start":{"line":48,"column":0},"end":{"line":48,"column":65}},"48":{"start":{"line":49,"column":0},"end":{"line":49,"column":28}},"49":{"start":{"line":50,"column":0},"end":{"line":50,"column":0}},"50":{"start":{"line":51,"column":0},"end":{"line":51,"column":31}},"51":{"start":{"line":52,"column":0},"end":{"line":52,"column":45}},"52":{"start":{"line":53,"column":0},"end":{"line":53,"column":5}},"53":{"start":{"line":54,"column":0},"end":{"line":54,"column":0}},"54":{"start":{"line":55,"column":0},"end":{"line":55,"column":18}},"55":{"start":{"line":56,"column":0},"end":{"line":56,"column":9}},"56":{"start":{"line":57,"column":0},"end":{"line":57,"column":0}},"57":{"start":{"line":58,"column":0},"end":{"line":58,"column":16}},"58":{"start":{"line":59,"column":0},"end":{"line":59,"column":2}},"59":{"start":{"line":60,"column":0},"end":{"line":60,"column":0}},"60":{"start":{"line":61,"column":0},"end":{"line":61,"column":42}},"61":{"start":{"line":62,"column":0},"end":{"line":62,"column":43}},"62":{"start":{"line":63,"column":0},"end":{"line":63,"column":43}},"63":{"start":{"line":64,"column":0},"end":{"line":64,"column":0}},"64":{"start":{"line":65,"column":0},"end":{"line":65,"column":24}},"65":{"start":{"line":66,"column":0},"end":{"line":66,"column":48}},"66":{"start":{"line":67,"column":0},"end":{"line":67,"column":41}},"67":{"start":{"line":68,"column":0},"end":{"line":68,"column":4}},"68":{"start":{"line":69,"column":0},"end":{"line":69,"column":72}},"69":{"start":{"line":70,"column":0},"end":{"line":70,"column":105}},"70":{"start":{"line":71,"column":0},"end":{"line":71,"column":0}},"71":{"start":{"line":72,"column":0},"end":{"line":72,"column":52}},"72":{"start":{"line":73,"column":0},"end":{"line":73,"column":2}}},"s":{"0":1,"1":1,"2":1,"3":1,"4":1,"5":8,"6":8,"7":8,"8":8,"9":8,"10":8,"11":8,"12":8,"13":8,"14":8,"15":1,"16":1,"17":1,"18":1,"19":4,"20":4,"21":4,"22":11,"23":11,"24":11,"25":11,"26":11,"27":11,"28":5,"29":5,"30":5,"31":11,"32":11,"33":11,"34":11,"35":1,"36":1,"37":6,"38":6,"39":4,"40":4,"41":4,"42":4,"43":1,"44":1,"45":4,"46":4,"47":4,"48":7,"49":7,"50":7,"51":1,"52":1,"53":7,"54":7,"55":4,"56":4,"57":4,"58":4,"59":1,"60":1,"61":4,"62":4,"63":4,"64":4,"65":4,"66":4,"67":4,"68":4,"69":4,"70":4,"71":4,"72":4},"branchMap":{"0":{"type":"branch","line":5,"loc":{"start":{"line":5,"column":23},"end":{"line":15,"column":2}},"locations":[{"start":{"line":5,"column":23},"end":{"line":15,"column":2}}]},"1":{"type":"branch","line":17,"loc":{"start":{"line":17,"column":22},"end":{"line":17,"column":60}},"locations":[{"start":{"line":17,"column":22},"end":{"line":17,"column":60}}]},"2":{"type":"branch","line":19,"loc":{"start":{"line":19,"column":31},"end":{"line":43,"column":2}},"locations":[{"start":{"line":19,"column":31},"end":{"line":43,"column":2}}]},"3":{"type":"branch","line":22,"loc":{"start":{"line":22,"column":41},"end":{"line":40,"column":5}},"locations":[{"start":{"line":22,"column":41},"end":{"line":40,"column":5}}]},"4":{"type":"branch","line":25,"loc":{"start":{"line":25,"column":30},"end":{"line":25,"column":51}},"locations":[{"start":{"line":25,"column":30},"end":{"line":25,"column":51}}]},"5":{"type":"branch","line":28,"loc":{"start":{"line":28,"column":26},"end":{"line":28,"column":43}},"locations":[{"start":{"line":28,"column":26},"end":{"line":28,"column":43}}]},"6":{"type":"branch","line":28,"loc":{"start":{"line":28,"column":43},"end":{"line":31,"column":5}},"locations":[{"start":{"line":28,"column":43},"end":{"line":31,"column":5}}]},"7":{"type":"branch","line":35,"loc":{"start":{"line":35,"column":28},"end":{"line":37,"column":5}},"locations":[{"start":{"line":35,"column":28},"end":{"line":37,"column":5}}]},"8":{"type":"branch","line":38,"loc":{"start":{"line":38,"column":-1},"end":{"line":40,"column":5}},"locations":[{"start":{"line":38,"column":-1},"end":{"line":40,"column":5}}]},"9":{"type":"branch","line":45,"loc":{"start":{"line":45,"column":24},"end":{"line":59,"column":2}},"locations":[{"start":{"line":45,"column":24},"end":{"line":59,"column":2}}]},"10":{"type":"branch","line":48,"loc":{"start":{"line":48,"column":41},"end":{"line":56,"column":5}},"locations":[{"start":{"line":48,"column":41},"end":{"line":56,"column":5}}]},"11":{"type":"branch","line":51,"loc":{"start":{"line":51,"column":30},"end":{"line":53,"column":5}},"locations":[{"start":{"line":51,"column":30},"end":{"line":53,"column":5}}]},"12":{"type":"branch","line":61,"loc":{"start":{"line":61,"column":15},"end":{"line":73,"column":2}},"locations":[{"start":{"line":61,"column":15},"end":{"line":73,"column":2}}]},"13":{"type":"branch","line":69,"loc":{"start":{"line":69,"column":53},"end":{"line":69,"column":72}},"locations":[{"start":{"line":69,"column":53},"end":{"line":69,"column":72}}]},"14":{"type":"branch","line":70,"loc":{"start":{"line":70,"column":50},"end":{"line":70,"column":105}},"locations":[{"start":{"line":70,"column":50},"end":{"line":70,"column":105}}]}},"b":{"0":[8],"1":[11],"2":[4],"3":[11],"4":[5],"5":[6],"6":[5],"7":[1],"8":[6],"9":[4],"10":[7],"11":[1],"12":[4],"13":[13],"14":[13]},"fnMap":{"0":{"name":"getDataOfFile","decl":{"start":{"line":5,"column":23},"end":{"line":15,"column":2}},"loc":{"start":{"line":5,"column":23},"end":{"line":15,"column":2}},"line":5},"1":{"name":"valuesAreSame","decl":{"start":{"line":17,"column":22},"end":{"line":17,"column":60}},"loc":{"start":{"line":17,"column":22},"end":{"line":17,"column":60}},"line":17},"2":{"name":"getDifferenceOfObjects","decl":{"start":{"line":19,"column":31},"end":{"line":43,"column":2}},"loc":{"start":{"line":19,"column":31},"end":{"line":43,"column":2}},"line":19},"3":{"name":"getRestOfObject","decl":{"start":{"line":45,"column":24},"end":{"line":59,"column":2}},"loc":{"start":{"line":45,"column":24},"end":{"line":59,"column":2}},"line":45},"4":{"name":"default","decl":{"start":{"line":61,"column":15},"end":{"line":73,"column":2}},"loc":{"start":{"line":61,"column":15},"end":{"line":73,"column":2}},"line":61}},"f":{"0":8,"1":11,"2":4,"3":4,"4":4}}
}
