TN:
SF:src/index.js
FN:5,getDataOfFile
FN:17,valuesAreSame
FN:19,getDifferenceOfObjects
FN:45,getRestOfObject
FN:61,default
FNF:5
FNH:5
FNDA:8,getDataOfFile
FNDA:11,valuesAreSame
FNDA:4,getDifferenceOfObjects
FNDA:4,getRestOfObject
FNDA:4,default
DA:1,1
DA:2,1
DA:3,1
DA:4,1
DA:5,1
DA:6,8
DA:7,8
DA:8,8
DA:9,8
DA:10,8
DA:11,8
DA:12,8
DA:13,8
DA:14,8
DA:15,8
DA:16,1
DA:17,1
DA:18,1
DA:19,1
DA:20,4
DA:21,4
DA:22,4
DA:23,11
DA:24,11
DA:25,11
DA:26,11
DA:27,11
DA:28,11
DA:29,5
DA:30,5
DA:31,5
DA:32,11
DA:33,11
DA:34,11
DA:35,11
DA:36,1
DA:37,1
DA:38,6
DA:39,6
DA:40,4
DA:41,4
DA:42,4
DA:43,4
DA:44,1
DA:45,1
DA:46,4
DA:47,4
DA:48,4
DA:49,7
DA:50,7
DA:51,7
DA:52,1
DA:53,1
DA:54,7
DA:55,7
DA:56,4
DA:57,4
DA:58,4
DA:59,4
DA:60,1
DA:61,1
DA:62,4
DA:63,4
DA:64,4
DA:65,4
DA:66,4
DA:67,4
DA:68,4
DA:69,4
DA:70,4
DA:71,4
DA:72,4
DA:73,4
LF:73
LH:73
BRDA:5,0,0,8
BRDA:17,1,0,11
BRDA:19,2,0,4
BRDA:22,3,0,11
BRDA:25,4,0,5
BRDA:28,5,0,6
BRDA:28,6,0,5
BRDA:35,7,0,1
BRDA:38,8,0,6
BRDA:45,9,0,4
BRDA:48,10,0,7
BRDA:51,11,0,1
BRDA:61,12,0,4
BRDA:69,13,0,13
BRDA:70,14,0,13
BRF:15
BRH:15
end_of_record
